<?xml version="1.0" encoding="UTF-8"?>
<!-- Generated by org.testng.reporters.JUnitReportReporter -->
<testsuite hostname="LAPTOP-OFU0FE0K" failures="0" tests="4" name="runners.TestRunner" time="199.151" errors="0" timestamp="2025-09-07T17:08:07 IST" skipped="0">
  <testcase classname="runners.TestRunner" name="runScenario" time="45.665"/>
  <testcase classname="runners.TestRunner" name="runScenario" time="62.155"/>
  <testcase classname="runners.TestRunner" name="runScenario" time="35.626"/>
  <testcase classname="runners.TestRunner" name="runScenario" time="55.705"/>
</testsuite> <!-- runners.TestRunner -->
