<?xml version="1.0" encoding="UTF-8"?>
<!-- Generated by org.testng.reporters.JUnitReportReporter -->
<testsuite hostname="LAPTOP-OFU0FE0K" failures="0" tests="11" name="tests.LoginTest" time="51.192" errors="0" timestamp="2025-09-07T18:34:51 IST" skipped="0">
  <testcase classname="tests.LoginTest" name="verifyAddiPhone12Pro" time="5.142"/>
  <testcase classname="tests.LoginTest" name="verifyProductAddAndQuantity" time="10.355"/>
  <testcase classname="tests.LoginTest" name="verifyCorrectUrlOpened" time="0.024"/>
  <testcase classname="tests.LoginTest" name="verifyCartClosedAndOrdersVisible" time="2.101"/>
  <testcase classname="tests.LoginTest" name="verifyLogin" time="7.587"/>
  <testcase classname="tests.LoginTest" name="verifyCheckout" time="3.114"/>
  <testcase classname="tests.LoginTest" name="verifyAddressPositive" time="13.023"/>
  <testcase classname="tests.LoginTest" name="verifyReceiptAndContinue" time="3.226"/>
  <testcase classname="tests.LoginTest" name="seeorder" time="3.129"/>
  <testcase classname="tests.LoginTest" name="verifyAddToFavourites" time="0.365"/>
  <testcase classname="tests.LoginTest" name="verifyLogout" time="3.126"/>
</testsuite> <!-- tests.LoginTest -->
